<?xml version="1.0" encoding="UTF-8"?>
<TestRun id="2f2285dd-c96c-4cec-91b9-75b33f43bf2e" name="laura.melo@PC-1338 2016-04-29 14:18:07" runUser="LG_DOMAIN\laura.melo" xmlns="http://microsoft.com/schemas/VisualStudio/TeamTest/2010">
  <TestSettings name="Local" id="8e926767-4877-4eec-9c48-e7cbd6d3e317">
    <Description>These are default test settings for a local test run.</Description>
    <Deployment enabled="false" runDeploymentRoot="laura.melo_PC-1338 2016-04-29 14_18_07">
      <DeploymentItem filename="C:\Users\laura.melo\Documents\Visual Studio 2010\Projects\WCFTestClient\WCFTestClient.Dominio\bin\Debug\WCFTestClient.Dominio.dll" />
    </Deployment>
    <Execution>
      <TestTypeSpecific />
      <AgentRule name="Execution Agents">
      </AgentRule>
    </Execution>
  </TestSettings>
  <Times creation="2016-04-29T14:18:07.2784979-03:00" queuing="2016-04-29T14:18:10.3614227-03:00" start="2016-04-29T14:18:10.5266867-03:00" finish="2016-04-29T14:18:11.2458355-03:00" />
  <ResultSummary outcome="Completed">
    <Counters total="1" executed="1" passed="1" error="0" failed="0" timeout="0" aborted="0" inconclusive="0" passedButRunAborted="0" notRunnable="0" notExecuted="0" disconnected="0" warning="0" completed="0" inProgress="0" pending="0" />
  </ResultSummary>
  <TestDefinitions>
    <UnitTest name="Tipo_ObterTiposObjetos" storage="c:\users\laura.melo\documents\visual studio 2010\projects\wcftestclient\wcftestclient.domain.test\bin\debug\wcftestclient.domain.test.dll" id="bd770c7b-9669-24fb-3e76-10790160cb9f">
      <Execution id="5d5652ce-bc47-4a5e-901d-453d27e5d9c3" />
      <TestMethod codeBase="C:/Users/laura.melo/Documents/Visual Studio 2010/Projects/WCFTestClient/WCFTestClient.Domain.Test/bin/Debug/WCFTestClient.Domain.Test.DLL" adapterTypeName="Microsoft.VisualStudio.TestTools.TestTypes.Unit.UnitTestAdapter, Microsoft.VisualStudio.QualityTools.Tips.UnitTest.Adapter, Version=10.0.0.0, Culture=neutral, PublicKeyToken=b03f5f7f11d50a3a" className="WCFTestClient.Domain.Test.ReflectionTest, WCFTestClient.Domain.Test, Version=1.0.0.0, Culture=neutral, PublicKeyToken=null" name="Tipo_ObterTiposObjetos" />
    </UnitTest>
  </TestDefinitions>
  <TestLists>
    <TestList name="Results Not in a List" id="8c84fa94-04c1-424b-9868-57a2d4851a1d" />
    <TestList name="All Loaded Results" id="19431567-8539-422a-85d7-44ee4e166bda" />
  </TestLists>
  <TestEntries>
    <TestEntry testId="bd770c7b-9669-24fb-3e76-10790160cb9f" executionId="5d5652ce-bc47-4a5e-901d-453d27e5d9c3" testListId="8c84fa94-04c1-424b-9868-57a2d4851a1d" />
  </TestEntries>
  <Results>
    <UnitTestResult executionId="5d5652ce-bc47-4a5e-901d-453d27e5d9c3" testId="bd770c7b-9669-24fb-3e76-10790160cb9f" testName="Tipo_ObterTiposObjetos" computerName="PC-1338" duration="00:00:00.0575758" startTime="2016-04-29T14:18:10.7550515-03:00" endTime="2016-04-29T14:18:11.1737203-03:00" testType="13cdc9d9-ddb5-4fa4-a97d-d965ccfc6d4b" outcome="Passed" testListId="8c84fa94-04c1-424b-9868-57a2d4851a1d" relativeResultsDirectory="5d5652ce-bc47-4a5e-901d-453d27e5d9c3">
    </UnitTestResult>
  </Results>
</TestRun>